  Source.cpp
f:\skolan\shared memory\level editor project5\github\mayaplugin5\mayaplugin\source.cpp(183): warning C4244: 'argument': conversion from 'unsigned __int64' to 'double', possible loss of data
f:\skolan\shared memory\level editor project5\github\mayaplugin5\mayaplugin\source.cpp(203): warning C4996: 'strcpy': This function or variable may be unsafe. Consider using strcpy_s instead. To disable deprecation, use _CRT_SECURE_NO_WARNINGS. See online help for details.
  c:\program files (x86)\windows kits\10\include\10.0.14393.0\ucrt\string.h(125): note: see declaration of 'strcpy'
f:\skolan\shared memory\level editor project5\github\mayaplugin5\mayaplugin\source.cpp(226): warning C4018: '<': signed/unsigned mismatch
f:\skolan\shared memory\level editor project5\github\mayaplugin5\mayaplugin\source.cpp(237): warning C4996: 'strcpy': This function or variable may be unsafe. Consider using strcpy_s instead. To disable deprecation, use _CRT_SECURE_NO_WARNINGS. See online help for details.
  c:\program files (x86)\windows kits\10\include\10.0.14393.0\ucrt\string.h(125): note: see declaration of 'strcpy'
f:\skolan\shared memory\level editor project5\github\mayaplugin5\mayaplugin\source.cpp(238): warning C4996: 'strcpy': This function or variable may be unsafe. Consider using strcpy_s instead. To disable deprecation, use _CRT_SECURE_NO_WARNINGS. See online help for details.
  c:\program files (x86)\windows kits\10\include\10.0.14393.0\ucrt\string.h(125): note: see declaration of 'strcpy'
f:\skolan\shared memory\level editor project5\github\mayaplugin5\mayaplugin\source.cpp(348): warning C4244: '=': conversion from 'double' to 'float', possible loss of data
f:\skolan\shared memory\level editor project5\github\mayaplugin5\mayaplugin\source.cpp(349): warning C4244: '=': conversion from 'double' to 'float', possible loss of data
f:\skolan\shared memory\level editor project5\github\mayaplugin5\mayaplugin\source.cpp(350): warning C4244: '=': conversion from 'double' to 'float', possible loss of data
f:\skolan\shared memory\level editor project5\github\mayaplugin5\mayaplugin\source.cpp(352): warning C4244: '=': conversion from 'double' to 'float', possible loss of data
f:\skolan\shared memory\level editor project5\github\mayaplugin5\mayaplugin\source.cpp(353): warning C4244: '=': conversion from 'double' to 'float', possible loss of data
f:\skolan\shared memory\level editor project5\github\mayaplugin5\mayaplugin\source.cpp(354): warning C4244: '=': conversion from 'double' to 'float', possible loss of data
f:\skolan\shared memory\level editor project5\github\mayaplugin5\mayaplugin\source.cpp(355): warning C4244: '=': conversion from 'double' to 'float', possible loss of data
f:\skolan\shared memory\level editor project5\github\mayaplugin5\mayaplugin\source.cpp(357): warning C4244: '=': conversion from 'double' to 'float', possible loss of data
f:\skolan\shared memory\level editor project5\github\mayaplugin5\mayaplugin\source.cpp(358): warning C4244: '=': conversion from 'double' to 'float', possible loss of data
f:\skolan\shared memory\level editor project5\github\mayaplugin5\mayaplugin\source.cpp(359): warning C4244: '=': conversion from 'double' to 'float', possible loss of data
f:\skolan\shared memory\level editor project5\github\mayaplugin5\mayaplugin\source.cpp(346): warning C4996: 'strcpy': This function or variable may be unsafe. Consider using strcpy_s instead. To disable deprecation, use _CRT_SECURE_NO_WARNINGS. See online help for details.
  c:\program files (x86)\windows kits\10\include\10.0.14393.0\ucrt\string.h(125): note: see declaration of 'strcpy'
f:\skolan\shared memory\level editor project5\github\mayaplugin5\mayaplugin\source.cpp(422): warning C4996: 'strcpy': This function or variable may be unsafe. Consider using strcpy_s instead. To disable deprecation, use _CRT_SECURE_NO_WARNINGS. See online help for details.
  c:\program files (x86)\windows kits\10\include\10.0.14393.0\ucrt\string.h(125): note: see declaration of 'strcpy'
f:\skolan\shared memory\level editor project5\github\mayaplugin5\mayaplugin\source.cpp(449): warning C4996: 'strcpy': This function or variable may be unsafe. Consider using strcpy_s instead. To disable deprecation, use _CRT_SECURE_NO_WARNINGS. See online help for details.
  c:\program files (x86)\windows kits\10\include\10.0.14393.0\ucrt\string.h(125): note: see declaration of 'strcpy'
f:\skolan\shared memory\level editor project5\github\mayaplugin5\mayaplugin\source.cpp(458): warning C4018: '<': signed/unsigned mismatch
f:\skolan\shared memory\level editor project5\github\mayaplugin5\mayaplugin\source.cpp(463): warning C4018: '<': signed/unsigned mismatch
f:\skolan\shared memory\level editor project5\github\mayaplugin5\mayaplugin\source.cpp(477): warning C4018: '<': signed/unsigned mismatch
f:\skolan\shared memory\level editor project5\github\mayaplugin5\mayaplugin\source.cpp(483): warning C4018: '<': signed/unsigned mismatch
f:\skolan\shared memory\level editor project5\github\mayaplugin5\mayaplugin\source.cpp(564): warning C4267: '=': conversion from 'size_t' to 'unsigned int', possible loss of data
f:\skolan\shared memory\level editor project5\github\mayaplugin5\mayaplugin\source.cpp(561): warning C4996: 'strcpy': This function or variable may be unsafe. Consider using strcpy_s instead. To disable deprecation, use _CRT_SECURE_NO_WARNINGS. See online help for details.
  c:\program files (x86)\windows kits\10\include\10.0.14393.0\ucrt\string.h(125): note: see declaration of 'strcpy'
f:\skolan\shared memory\level editor project5\github\mayaplugin5\mayaplugin\source.cpp(562): warning C4996: 'strcpy': This function or variable may be unsafe. Consider using strcpy_s instead. To disable deprecation, use _CRT_SECURE_NO_WARNINGS. See online help for details.
  c:\program files (x86)\windows kits\10\include\10.0.14393.0\ucrt\string.h(125): note: see declaration of 'strcpy'
f:\skolan\shared memory\level editor project5\github\mayaplugin5\mayaplugin\source.cpp(613): warning C4996: 'strcpy': This function or variable may be unsafe. Consider using strcpy_s instead. To disable deprecation, use _CRT_SECURE_NO_WARNINGS. See online help for details.
  c:\program files (x86)\windows kits\10\include\10.0.14393.0\ucrt\string.h(125): note: see declaration of 'strcpy'
f:\skolan\shared memory\level editor project5\github\mayaplugin5\mayaplugin\source.cpp(723): warning C4305: 'argument': truncation from 'double' to 'float'
f:\skolan\shared memory\level editor project5\github\mayaplugin5\mayaplugin\source.cpp(788): warning C4244: 'argument': conversion from 'unsigned __int64' to 'double', possible loss of data
f:\skolan\shared memory\level editor project5\github\mayaplugin5\mayaplugin\source.cpp(887): warning C4244: 'argument': conversion from 'unsigned __int64' to 'double', possible loss of data
  MayaPlugin.vcxproj -> F:\skolan\Shared Memory\Level Editor Project5\GitHub\Mayaplugin5\Build/MayaPlugin.mll
